/*C3*/SET SCHEMA INFORMATION_SCHEMA
DROP TABLE IF EXISTS PUBLIC.recipe
DROP TABLE IF EXISTS PUBLIC.doctor
DROP TABLE IF EXISTS PUBLIC.patient
CREATE TABLE IF NOT EXISTS PUBLIC.doctor(id BIGINT GENERATED BY DEFAULT AS IDENTITY (START WITH 0 INCREMENT BY 1) NOT NULL PRIMARY KEY, name VARCHAR(30) NOT NULL, surname VARCHAR(30) NOT NULL, patronymic VARCHAR(30), specialization VARCHAR(40) NOT NULL)
CREATE TABLE IF NOT EXISTS PUBLIC.patient(id BIGINT GENERATED BY DEFAULT AS IDENTITY (START WITH 0 INCREMENT BY 1) NOT NULL PRIMARY KEY, name VARCHAR(30) NOT NULL, surname VARCHAR(30) NOT NULL, patronymic VARCHAR(30), phone_number VARCHAR(15))
CREATE TABLE IF NOT EXISTS PUBLIC.recipe(id BIGINT GENERATED BY DEFAULT AS IDENTITY (START WITH 0 INCREMENT BY 1) NOT NULL PRIMARY KEY, description VARCHAR(200) NOT NULL, patient_id BIGINT NOT NULL, doctor_id BIGINT NOT NULL, creation_date DATE NOT NULL, expiration_date DATE NOT NULL, priority VARCHAR(20) NOT NULL, CONSTRAINT fk_patient_id FOREIGN KEY (patient_id) REFERENCES patient (id) ON DELETE RESTRICT, CONSTRAINT fk_doctor_id FOREIGN KEY (doctor_id) REFERENCES doctor (id) ON DELETE RESTRICT)
SET SCHEMA PUBLIC
INSERT INTO DOCTOR VALUES(0,'\u0410\u043d\u0430\u0442\u043e\u043b\u0438\u0439','\u0410\u043d\u0430\u0442\u043e\u043b\u044c\u0435\u0432','\u0410\u043d\u0430\u0442\u043e\u043b\u044c\u0435\u0432\u0438\u0447','\u0410\u043b\u043b\u0435\u0440\u0433\u043e\u043b\u043e\u0433')
COMMIT
INSERT INTO DOCTOR VALUES(1,'\u0413\u0435\u043d\u043d\u0430\u0434\u0438\u0439','\u0413\u0435\u043d\u043d\u0430\u0434\u044c\u0435\u0432','\u0413\u0435\u043d\u043d\u0430\u0434\u044c\u0435\u0432\u0438\u0447','\u0414\u0438\u0435\u0442\u043e\u043b\u043e\u0433')
COMMIT
INSERT INTO DOCTOR VALUES(2,'\u0411\u043e\u0440\u0438\u0441','\u0411\u043e\u0440\u0438\u0441\u043e\u0432','\u0411\u043e\u0440\u0438\u0441\u043e\u0432\u0438\u0447','\u041f\u0441\u0438\u0445\u0438\u0430\u0442\u0440')
COMMIT
INSERT INTO DOCTOR VALUES(3,'\u041e\u043a\u0441\u0430\u043d\u0430','\u041e\u043a\u0441\u0430\u043d\u043e\u0432\u0430','\u041e\u043b\u0435\u0433\u043e\u0432\u043d\u0430','\u0421\u0442\u043e\u043c\u0430\u0442\u043e\u043b\u043e\u0433')
COMMIT
INSERT INTO DOCTOR VALUES(4,'\u0414\u0430\u0440\u044c\u044f','\u0414\u0430\u0440\u044c\u0435\u0432\u0430','\u0411\u043e\u0440\u0438\u0441\u043e\u0432\u043d\u0430','\u0422\u0435\u0440\u0430\u043f\u0435\u0432\u0442')
COMMIT
INSERT INTO PATIENT VALUES(0,'\u041a\u0441\u0435\u043d\u0438\u044f','\u042e\u0440\u044c\u0435\u0432\u0430','','892788881118')
COMMIT
INSERT INTO PATIENT VALUES(1,'\u041a\u0441\u0435\u043d\u0438\u044f','\u0412\u0430\u043b\u0435\u0440\u044c\u0435\u0432\u0430','\u041e\u043b\u0435\u0433\u043e\u0432\u043d\u0430','892777781118')
COMMIT
INSERT INTO PATIENT VALUES(2,'\u0418\u043b\u043e\u043d','\u041c\u0430\u0441\u043a','\u0418\u0432\u0430\u043d\u043e\u0432\u0438\u0447','892766671118')
COMMIT
INSERT INTO PATIENT VALUES(3,'\u041c\u0430\u0440\u043a','\u041c\u0430\u0440\u043a\u043e\u0432','\u041c\u0430\u0440\u043a\u043e\u0432\u0438\u0447','892722221118')
COMMIT
INSERT INTO PATIENT VALUES(4,'\u0415\u0433\u043e\u0440','\u0415\u0433\u043e\u0440\u043e\u0432','','892785431118')
COMMIT
INSERT INTO RECIPE VALUES(0,'\u041c\u0435\u0437\u0438\u043c',0,0,'2019-04-17','2019-04-17','\u041d\u043e\u0440\u043c\u0430\u043b\u044c\u043d\u044b\u0439')
COMMIT
INSERT INTO RECIPE VALUES(1,'\u0410\u043d\u0442\u0438\u0433\u0440\u0438\u043f\u0438\u043d',1,1,'2019-04-17','2019-04-17','\u0421\u0440\u043e\u0447\u043d\u044b\u0439')
COMMIT
INSERT INTO RECIPE VALUES(2,'\u0422\u0435\u0441\u0442\u0435\u0440',2,2,'2019-04-17','2019-04-17','\u041d\u0435\u043c\u0435\u0434\u043b\u0435\u043d\u043d\u044b\u0439')
COMMIT
INSERT INTO RECIPE VALUES(3,'\u0418\u043c\u043c\u0443\u043d\u0438\u0442\u0435\u0442 \u043f\u043b\u044e\u0441',3,3,'2019-04-17','2019-04-17','\u041d\u043e\u0440\u043c\u0430\u043b\u044c\u043d\u044b\u0439')
COMMIT
INSERT INTO RECIPE VALUES(4,'\u0414\u043e\u0441\u0442\u043e\u0439\u043d\u044b\u0439 \u043f\u0440\u0435\u043f\u0430\u0440\u0430\u0442',4,4,'2019-04-17','2019-04-17','\u0421\u0440\u043e\u0447\u043d\u044b\u0439')
COMMIT
